<?xml version="1.0" encoding="UTF-8" ?>
<testsuite errors="1" failures="0" hostname="behemoth.local" name="com.github.r351574nc3.packtpub.junit.AppTest" tests="1" time="0.0" timestamp="2013-06-27T07:56:03">
  <properties>
[...]
</properties>
  <error message="com.github.r351574nc3.packtpub.junit.AppTest" type="java.lang.ClassNotFoundException">java.lang.ClassNotFoundException: com.github.r351574nc3.packtpub.junit.AppTest
	at java.net.URLClassLoader$1.run(URLClassLoader.java:365)
	at java.net.URLClassLoader$1.run(URLClassLoader.java:354)
	at java.security.AccessController.doPrivileged(Native Method)
	at java.net.URLClassLoader.findClass(URLClassLoader.java:353)
	at java.lang.ClassLoader.loadClass(ClassLoader.java:423)
	at sun.misc.Launcher$AppClassLoader.loadClass(Launcher.java:308)
	at java.lang.ClassLoader.loadClass(ClassLoader.java:356)
	at java.lang.Class.forName0(Native Method)
	at java.lang.Class.forName(Class.java:257)
</error>
  <system-out><![CDATA[]]></system-out>
  <system-err><![CDATA[]]></system-err>
</testsuite>
